# JRE version: OpenJDK Runtime Environment (21.0.6) (build 21.0.6+-13391695-b895.109)
# Java VM: OpenJDK 64-Bit Server VM (21.0.6+-13391695-b895.109, mixed mode, tiered, compressed oops, compressed class ptrs, g1 gc, windows-amd64)
GC Precious Log:
 CardTable entry size: 512
 Card Set container configuration: InlinePtr #cards 5 size 8 Array Of Cards #cards 12 size 40 Howl #buckets 4 coarsen threshold 1843 Howl Bitmap #cards 512 size 80 coarsen threshold 460 Card regions per heap region 1 cards per card region 2048
 CPUs: 8 total, 8 available
 Memory: 7910M
 Large Page Support: Disabled
 NUMA Support: Disabled
 Compressed Oops: Enabled (32-bit)
 Heap Region Size: 1M
 Heap Min Capacity: 8M
 Heap Initial Capacity: 124M
 Heap Max Capacity: 2G
 Pre-touch: Disabled
 Parallel Workers: 8
 Concurrent Workers: 2
 Concurrent Refinement Workers: 8
 Periodic GC: Disabled
Heap:
 garbage-first heap   total 103424K, used 60188K [0x0000000080000000, 0x0000000100000000)
  region size 1024K, 20 young (20480K), 5 survivors (5120K)
 Metaspace       used 74073K, committed 75840K, reserved 1114112K
  class space    used 10049K, committed 10944K, reserved 1048576K
GC Heap History (20 events):
Event: 6.109 GC heap before
{Heap before GC invocations=6 (full 0):
 garbage-first heap   total 68608K, used 54183K [0x0000000080000000, 0x0000000100000000)
  region size 1024K, 34 young (34816K), 2 survivors (2048K)
 Metaspace       used 31183K, committed 31808K, reserved 1114112K
  class space    used 4047K, committed 4352K, reserved 1048576K
}
Event: 6.115 GC heap after
{Heap after GC invocations=7 (full 0):
 garbage-first heap   total 82944K, used 24352K [0x0000000080000000, 0x0000000100000000)
  region size 1024K, 4 young (4096K), 4 survivors (4096K)
 Metaspace       used 31183K, committed 31808K, reserved 1114112K
  class space    used 4047K, committed 4352K, reserved 1048576K
}
Event: 6.774 GC heap before
{Heap before GC invocations=7 (full 0):
 garbage-first heap   total 82944K, used 53024K [0x0000000080000000, 0x0000000100000000)
  region size 1024K, 34 young (34816K), 4 survivors (4096K)
 Metaspace       used 35329K, committed 36160K, reserved 1114112K
  class space    used 4715K, committed 5120K, reserved 1048576K
}
Event: 6.781 GC heap after
{Heap after GC invocations=8 (full 0):
 garbage-first heap   total 82944K, used 26271K [0x0000000080000000, 0x0000000100000000)
  region size 1024K, 5 young (5120K), 5 survivors (5120K)
 Metaspace       used 35329K, committed 36160K, reserved 1114112K
  class space    used 4715K, committed 5120K, reserved 1048576K
}
Event: 7.780 GC heap before
{Heap before GC invocations=9 (full 0):
 garbage-first heap   total 82944K, used 68255K [0x0000000080000000, 0x0000000100000000)
  region size 1024K, 47 young (48128K), 5 survivors (5120K)
 Metaspace       used 43551K, committed 44480K, reserved 1114112K
  class space    used 5733K, committed 6208K, reserved 1048576K
}
Event: 7.792 GC heap after
{Heap after GC invocations=10 (full 0):
 garbage-first heap   total 82944K, used 31192K [0x0000000080000000, 0x0000000100000000)
  region size 1024K, 6 young (6144K), 6 survivors (6144K)
 Metaspace       used 43551K, committed 44480K, reserved 1114112K
  class space    used 5733K, committed 6208K, reserved 1048576K
}
Event: 8.359 GC heap before
{Heap before GC invocations=10 (full 0):
 garbage-first heap   total 82944K, used 75224K [0x0000000080000000, 0x0000000100000000)
  region size 1024K, 44 young (45056K), 6 survivors (6144K)
 Metaspace       used 46791K, committed 47872K, reserved 1114112K
  class space    used 6093K, committed 6592K, reserved 1048576K
}
Event: 8.368 GC heap after
{Heap after GC invocations=11 (full 0):
 garbage-first heap   total 86016K, used 33858K [0x0000000080000000, 0x0000000100000000)
  region size 1024K, 4 young (4096K), 4 survivors (4096K)
 Metaspace       used 46791K, committed 47872K, reserved 1114112K
  class space    used 6093K, committed 6592K, reserved 1048576K
}
Event: 9.404 GC heap before
{Heap before GC invocations=11 (full 0):
 garbage-first heap   total 86016K, used 72770K [0x0000000080000000, 0x0000000100000000)
  region size 1024K, 42 young (43008K), 4 survivors (4096K)
 Metaspace       used 51519K, committed 52928K, reserved 1114112K
  class space    used 6860K, committed 7552K, reserved 1048576K
}
Event: 9.411 GC heap after
{Heap after GC invocations=12 (full 0):
 garbage-first heap   total 86016K, used 35920K [0x0000000080000000, 0x0000000100000000)
  region size 1024K, 3 young (3072K), 3 survivors (3072K)
 Metaspace       used 51519K, committed 52928K, reserved 1114112K
  class space    used 6860K, committed 7552K, reserved 1048576K
}
Event: 10.630 GC heap before
{Heap before GC invocations=12 (full 0):
 garbage-first heap   total 86016K, used 73808K [0x0000000080000000, 0x0000000100000000)
  region size 1024K, 41 young (41984K), 3 survivors (3072K)
 Metaspace       used 55450K, committed 57024K, reserved 1114112K
  class space    used 7496K, committed 8256K, reserved 1048576K
}
Event: 10.639 GC heap after
{Heap after GC invocations=13 (full 0):
 garbage-first heap   total 86016K, used 40483K [0x0000000080000000, 0x0000000100000000)
  region size 1024K, 6 young (6144K), 6 survivors (6144K)
 Metaspace       used 55450K, committed 57024K, reserved 1114112K
  class space    used 7496K, committed 8256K, reserved 1048576K
}
Event: 11.238 GC heap before
{Heap before GC invocations=13 (full 0):
 garbage-first heap   total 86016K, used 75299K [0x0000000080000000, 0x0000000100000000)
  region size 1024K, 39 young (39936K), 6 survivors (6144K)
 Metaspace       used 57389K, committed 58944K, reserved 1114112K
  class space    used 7669K, committed 8448K, reserved 1048576K
}
Event: 11.246 GC heap after
{Heap after GC invocations=14 (full 0):
 garbage-first heap   total 86016K, used 42099K [0x0000000080000000, 0x0000000100000000)
  region size 1024K, 2 young (2048K), 2 survivors (2048K)
 Metaspace       used 57389K, committed 58944K, reserved 1114112K
  class space    used 7669K, committed 8448K, reserved 1048576K
}
Event: 11.664 GC heap before
{Heap before GC invocations=14 (full 0):
 garbage-first heap   total 86016K, used 54387K [0x0000000080000000, 0x0000000100000000)
  region size 1024K, 15 young (15360K), 2 survivors (2048K)
 Metaspace       used 58791K, committed 60416K, reserved 1114112K
  class space    used 7881K, committed 8704K, reserved 1048576K
}
Event: 11.670 GC heap after
{Heap after GC invocations=15 (full 0):
 garbage-first heap   total 103424K, used 42745K [0x0000000080000000, 0x0000000100000000)
  region size 1024K, 2 young (2048K), 2 survivors (2048K)
 Metaspace       used 58791K, committed 60416K, reserved 1114112K
  class space    used 7881K, committed 8704K, reserved 1048576K
}
Event: 13.393 GC heap before
{Heap before GC invocations=16 (full 0):
 garbage-first heap   total 103424K, used 88825K [0x0000000080000000, 0x0000000100000000)
  region size 1024K, 47 young (48128K), 2 survivors (2048K)
 Metaspace       used 64960K, committed 66624K, reserved 1114112K
  class space    used 8761K, committed 9600K, reserved 1048576K
}
Event: 13.401 GC heap after
{Heap after GC invocations=17 (full 0):
 garbage-first heap   total 103424K, used 45360K [0x0000000080000000, 0x0000000100000000)
  region size 1024K, 5 young (5120K), 5 survivors (5120K)
 Metaspace       used 64960K, committed 66624K, reserved 1114112K
  class space    used 8761K, committed 9600K, reserved 1048576K
}
Event: 14.862 GC heap before
{Heap before GC invocations=17 (full 0):
 garbage-first heap   total 103424K, used 90416K [0x0000000080000000, 0x0000000100000000)
  region size 1024K, 49 young (50176K), 5 survivors (5120K)
 Metaspace       used 70441K, committed 72320K, reserved 1114112K
  class space    used 9618K, committed 10560K, reserved 1048576K
}
Event: 14.876 GC heap after
{Heap after GC invocations=18 (full 0):
 garbage-first heap   total 103424K, used 46876K [0x0000000080000000, 0x0000000100000000)
  region size 1024K, 5 young (5120K), 5 survivors (5120K)
 Metaspace       used 70441K, committed 72320K, reserved 1114112K
  class space    used 9618K, committed 10560K, reserved 1048576K
}

